<?xml version="1.0" encoding="UTF-8"?>
<!-- Generated by org.testng.reporters.JUnitReportReporter -->
<testsuite hostname="GH-DHRB3M2" name="com.Bugfinders.Tests.BugfindersAssignment" tests="4" failures="0" timestamp="7 Jun 2018 18:33:06 GMT" time="75.976" errors="0">
  <testcase name="SubmitPricingRequest" time="17.663" classname="com.Bugfinders.Tests.BugfindersAssignment"/>
  <testcase name="DownloadWhitePaper" time="17.744" classname="com.Bugfinders.Tests.BugfindersAssignment"/>
  <testcase name="DownloadCaseStudy" time="22.640" classname="com.Bugfinders.Tests.BugfindersAssignment"/>
  <testcase name="DownloadWebChecklist" time="17.929" classname="com.Bugfinders.Tests.BugfindersAssignment"/>
</testsuite> <!-- com.Bugfinders.Tests.BugfindersAssignment -->
