<?xml version="1.0" encoding="UTF-8"?>
<!-- Generated by org.testng.reporters.JUnitReportReporter -->
<testsuite hostname="GH-DHRB3M2" name="com.Bugfinders.Tests.LoginPageMethod" tests="1" failures="0" timestamp="7 Jun 2018 07:29:41 GMT" time="0.004" errors="0">
  <testcase name="DoLogin" time="0.004" classname="com.Bugfinders.Tests.LoginPageMethod"/>
</testsuite> <!-- com.Bugfinders.Tests.LoginPageMethod -->
