<?xml version="1.0" encoding="UTF-8"?>
<!-- Generated by org.testng.reporters.JUnitReportReporter -->
<testsuite skipped="0" hostname="LAPTOP-AIJFV17R" name="appium_poc.Invoke_browser" tests="1" failures="0" timestamp="09 Jan 2018 05:52:05 GMT" time="147.796" errors="0">
  <testcase name="test1" time="147.796" classname="appium_poc.Invoke_browser"/>
</testsuite> <!-- appium_poc.Invoke_browser -->
