<?xml version="1.0" encoding="UTF-8"?>
<!-- Generated by org.testng.reporters.JUnitReportReporter -->
<testsuite skipped="0" hostname="ESS17001AUH0022" name="appium_poc.Invoke_Android_app" tests="1" failures="0" timestamp="08 Sep 2017 18:03:26 GMT" time="0.020" errors="0">
  <testcase name="test1" time="0.020" classname="appium_poc.Invoke_Android_app"/>
</testsuite> <!-- appium_poc.Invoke_Android_app -->
